c:\data\user\documents\visual studio 2013\projects\c++\sdl2\vectoromegarace\vectoromegarace\debug\vc120.pdb
c:\data\user\documents\visual studio 2013\projects\c++\sdl2\vectoromegarace\vectoromegarace\debug\vc120.idb
c:\data\user\documents\visual studio 2013\projects\c++\sdl2\vectoromegarace\vectoromegarace\debug\borders.obj
c:\data\user\documents\visual studio 2013\projects\c++\sdl2\vectoromegarace\vectoromegarace\debug\common.obj
c:\data\user\documents\visual studio 2013\projects\c++\sdl2\vectoromegarace\vectoromegarace\debug\dot.obj
c:\data\user\documents\visual studio 2013\projects\c++\sdl2\vectoromegarace\vectoromegarace\debug\entity.obj
c:\data\user\documents\visual studio 2013\projects\c++\sdl2\vectoromegarace\vectoromegarace\debug\explosion.obj
c:\data\user\documents\visual studio 2013\projects\c++\sdl2\vectoromegarace\vectoromegarace\debug\fighter.obj
c:\data\user\documents\visual studio 2013\projects\c++\sdl2\vectoromegarace\vectoromegarace\debug\game.obj
c:\data\user\documents\visual studio 2013\projects\c++\sdl2\vectoromegarace\vectoromegarace\debug\player.obj
c:\data\user\documents\visual studio 2013\projects\c++\sdl2\vectoromegarace\vectoromegarace\debug\playerexplosionline.obj
c:\data\user\documents\visual studio 2013\projects\c++\sdl2\vectoromegarace\vectoromegarace\debug\playership.obj
c:\data\user\documents\visual studio 2013\projects\c++\sdl2\vectoromegarace\vectoromegarace\debug\playershot.obj
c:\data\user\documents\visual studio 2013\projects\c++\sdl2\vectoromegarace\vectoromegarace\debug\ship.obj
c:\data\user\documents\visual studio 2013\projects\c++\sdl2\vectoromegarace\vectoromegarace\debug\shot.obj
c:\data\user\documents\visual studio 2013\projects\c++\sdl2\vectoromegarace\vectoromegarace\debug\timer.obj
c:\data\user\documents\visual studio 2013\projects\c++\sdl2\vectoromegarace\vectoromegarace\debug\vectoromegarace.obj
c:\data\user\documents\visual studio 2013\projects\c++\sdl2\vectoromegarace\vectoromegarace\debug\window.obj
c:\data\user\documents\visual studio 2013\projects\c++\sdl2\vectoromegarace\debug\vectoromegarace.pdb
c:\data\user\documents\visual studio 2013\projects\c++\sdl2\vectoromegarace\vectoromegarace\debug\vectoromegarace.tlog\cl.command.1.tlog
c:\data\user\documents\visual studio 2013\projects\c++\sdl2\vectoromegarace\vectoromegarace\debug\vectoromegarace.tlog\cl.read.1.tlog
c:\data\user\documents\visual studio 2013\projects\c++\sdl2\vectoromegarace\vectoromegarace\debug\vectoromegarace.tlog\cl.write.1.tlog
c:\data\user\documents\visual studio 2013\projects\c++\sdl2\vectoromegarace\vectoromegarace\debug\vectoromegarace.tlog\link-cvtres.read.1.tlog
c:\data\user\documents\visual studio 2013\projects\c++\sdl2\vectoromegarace\vectoromegarace\debug\vectoromegarace.tlog\link-cvtres.write.1.tlog
c:\data\user\documents\visual studio 2013\projects\c++\sdl2\vectoromegarace\vectoromegarace\debug\vectoromegarace.tlog\link-rc.read.1.tlog
c:\data\user\documents\visual studio 2013\projects\c++\sdl2\vectoromegarace\vectoromegarace\debug\vectoromegarace.tlog\link-rc.write.1.tlog
c:\data\user\documents\visual studio 2013\projects\c++\sdl2\vectoromegarace\vectoromegarace\debug\vectoromegarace.tlog\link.command.1.tlog
c:\data\user\documents\visual studio 2013\projects\c++\sdl2\vectoromegarace\vectoromegarace\debug\vectoromegarace.tlog\link.read.1.tlog
c:\data\user\documents\visual studio 2013\projects\c++\sdl2\vectoromegarace\vectoromegarace\debug\vectoromegarace.tlog\link.write.1.tlog
