Build started 2/16/2014 1:52:04 AM.
     1>Project "D:\User\Documents\Visual Studio 2013\Projects\C++\SDL2\VectorOmegaRace\VectorOmegaRace\VectorOmegaRace.vcxproj" on node 2 (Build target(s)).
     1>ClCompile:
         C:\Program Files (x86)\Microsoft Visual Studio 12.0\VC\bin\CL.exe /c /I"C:\Data\User\Documents\Visual Studio 2013\C++\SDL2_mixer-2.0.0\include" /I..\..\SDL\include /ZI /nologo /W3 /WX- /Od /Oy- /D WIN32 /D _WINDOWS /D _CRT_SECURE_NO_WARNINGS /D _USING_V110_SDK71_ /D _UNICODE /D UNICODE /Gm /EHsc /RTC1 /MD /GS /fp:precise /Zc:wchar_t /Zc:forScope /Fo"Debug\\" /Fd"Debug\vc120.pdb" /Gd /TP /analyze- /errorReport:prompt PlayerShot.cpp
         PlayerShot.cpp
     1>d:\user\documents\visual studio 2013\projects\c++\sdl2\vectoromegarace\vectoromegarace\playershot.cpp(5): warning C4305: '=' : truncation from 'double' to 'float'
       Link:
         C:\Program Files (x86)\Microsoft Visual Studio 12.0\VC\bin\link.exe /ERRORREPORT:PROMPT /OUT:"D:\User\Documents\Visual Studio 2013\Projects\C++\SDL2\VectorOmegaRace\Debug\VectorOmegaRace.exe" /INCREMENTAL /NOLOGO SDL2.lib SDL2main.lib SDL2_mixer.lib kernel32.lib user32.lib gdi32.lib winspool.lib comdlg32.lib advapi32.lib shell32.lib ole32.lib oleaut32.lib uuid.lib odbc32.lib odbccp32.lib /NODEFAULTLIB:msvcrtd.lib /MANIFEST /MANIFESTUAC:"level='asInvoker' uiAccess='false'" /manifest:embed /DEBUG /PDB:"D:\User\Documents\Visual Studio 2013\Projects\C++\SDL2\VectorOmegaRace\Debug\VectorOmegaRace.pdb" /SUBSYSTEM:CONSOLE,"5.01" /TLBID:1 /DYNAMICBASE /NXCOMPAT /IMPLIB:"D:\User\Documents\Visual Studio 2013\Projects\C++\SDL2\VectorOmegaRace\Debug\VectorOmegaRace.lib" /MACHINE:X86 Debug\Borders.obj
         Debug\Common.obj
         Debug\Dot.obj
         Debug\DoubleMine.obj
         Debug\Enemy.obj
         Debug\EnemyController.obj
         Debug\Entity.obj
         Debug\Explosion.obj
         Debug\ExplosionLine.obj
         Debug\Fighter.obj
         Debug\FighterShip.obj
         Debug\FollowEnemy.obj
         Debug\Game.obj
         Debug\GameController.obj
         Debug\HUD.obj
         Debug\LeadEnemy.obj
         Debug\Letter.obj
         Debug\Number.obj
         Debug\StatusDisplay.obj
         Debug\TriShip.obj
         Debug\Mine.obj
         Debug\Player.obj
         Debug\PlayerExplosionLine.obj
         Debug\PlayerShip.obj
         Debug\PlayerShot.obj
         Debug\Ship.obj
         Debug\Shot.obj
         Debug\Timer.obj
         Debug\VectorOmegaRace.obj
         Debug\Window.obj
         VectorOmegaRace.vcxproj -> D:\User\Documents\Visual Studio 2013\Projects\C++\SDL2\VectorOmegaRace\Debug\VectorOmegaRace.exe
       PostBuildEvent:
         copy “C:\Data\User\Documents\Visual Studio 2013\C++\SDL2-2.0.1\lib\x86\SDL2.dll” “D:\User\Documents\Visual Studio 2013\Projects\C++\SDL2\VectorOmegaRace\Debug\SDL2.dll”
         copy "C:\Data\User\Documents\Visual Studio 2013\C++\SDL2_mixer-2.0.0\lib\x86\SDL2_mixer.dll" "D:\User\Documents\Visual Studio 2013\Projects\C++\SDL2\VectorOmegaRace\Debug\SDL2_mixer.dll"
         
         :VCEnd
                 1 file(s) copied.
                 1 file(s) copied.
     1>Done Building Project "D:\User\Documents\Visual Studio 2013\Projects\C++\SDL2\VectorOmegaRace\VectorOmegaRace\VectorOmegaRace.vcxproj" (Build target(s)).

Build succeeded.

Time Elapsed 00:00:02.79
